Using pre-set license
Built from '2020.3/staging' branch; Version is '2020.3.32f1 (12f8b0834f07) revision 1243312'; Using compiler version '192528614'; Build Type 'Release'
OS: 'Windows 11  (10.0.22621) 64bit Core' Language: 'en' Physical Memory: 8059 MB
BatchMode: 1, IsHumanControllingUs: 0, StartBugReporterOnCrash: 0, Is64bit: 1, IsPro: 0

COMMAND LINE ARGUMENTS:
C:\Program Files\Unity\Hub\Editor\2020.3.32f1\Editor\Unity.exe
-adb2
-batchMode
-noUpm
-name
AssetImportWorker0
-projectPath
D:/spaceship game/Space Reload
-logFile
Logs/AssetImportWorker0.log
-srvPort
56914
Successfully changed project path to: D:/spaceship game/Space Reload
D:/spaceship game/Space Reload
Using Asset Import Pipeline V2.
Refreshing native plugins compatible for Editor in 75.40 ms, found 2 plugins.
Preloading 0 native plugins for Editor in 0.00 ms.
Initialize engine version: 2020.3.32f1 (12f8b0834f07)
[Subsystems] Discovering subsystems at path C:/Program Files/Unity/Hub/Editor/2020.3.32f1/Editor/Data/Resources/UnitySubsystems
[Subsystems] Discovering subsystems at path D:/spaceship game/Space Reload/Assets
GfxDevice: creating device client; threaded=0
Direct3D:
    Version:  Direct3D 11.0 [level 11.1]
    Renderer: NVIDIA GeForce RTX 2060 (ID=0x1f15)
    Vendor:   
    VRAM:     5980 MB
    Driver:   31.0.15.1700
Initialize mono
Mono path[0] = 'C:/Program Files/Unity/Hub/Editor/2020.3.32f1/Editor/Data/Managed'
Mono path[1] = 'C:/Program Files/Unity/Hub/Editor/2020.3.32f1/Editor/Data/MonoBleedingEdge/lib/mono/unityjit'
Mono config path = 'C:/Program Files/Unity/Hub/Editor/2020.3.32f1/Editor/Data/MonoBleedingEdge/etc'
Using monoOptions --debugger-agent=transport=dt_socket,embedding=1,server=y,suspend=n,address=127.0.0.1:56704
Begin MonoManager ReloadAssembly
Registering precompiled unity dll's ...
Register platform support module: C:/Program Files/Unity/Hub/Editor/2020.3.32f1/Editor/Data/PlaybackEngines/WebGLSupport/UnityEditor.WebGL.Extensions.dll
Register platform support module: C:/Program Files/Unity/Hub/Editor/2020.3.32f1/Editor/Data/PlaybackEngines/MacStandaloneSupport/UnityEditor.OSXStandalone.Extensions.dll
Register platform support module: C:/Program Files/Unity/Hub/Editor/2020.3.32f1/Editor/Data/PlaybackEngines/WindowsStandaloneSupport/UnityEditor.WindowsStandalone.Extensions.dll
Register platform support module: C:/Program Files/Unity/Hub/Editor/2020.3.32f1/Editor/Data/PlaybackEngines/LinuxStandaloneSupport/UnityEditor.LinuxStandalone.Extensions.dll
Registered in 0.002596 seconds.
Native extension for LinuxStandalone target not found
Native extension for WindowsStandalone target not found
Native extension for OSXStandalone target not found
Native extension for WebGL target not found
Refreshing native plugins compatible for Editor in 70.40 ms, found 2 plugins.
Preloading 0 native plugins for Editor in 0.00 ms.
Mono: successfully reloaded assembly
- Completed reload, in  0.646 seconds
Domain Reload Profiling:
	ReloadAssembly (646ms)
		BeginReloadAssembly (65ms)
			ExecutionOrderSort (0ms)
			DisableScriptedObjects (0ms)
			BackupInstance (0ms)
			ReleaseScriptingObjects (0ms)
			CreateAndSetChildDomain (1ms)
		EndReloadAssembly (503ms)
			LoadAssemblies (64ms)
			RebuildTransferFunctionScriptingTraits (0ms)
			SetupTypeCache (151ms)
			ReleaseScriptCaches (0ms)
			RebuildScriptCaches (33ms)
			SetupLoadedEditorAssemblies (195ms)
				LogAssemblyErrors (0ms)
				InitializePlatformSupportModulesInManaged (8ms)
				SetLoadedEditorAssemblies (1ms)
				RefreshPlugins (70ms)
				BeforeProcessingInitializeOnLoad (9ms)
				ProcessInitializeOnLoadAttributes (80ms)
				ProcessInitializeOnLoadMethodAttributes (27ms)
				AfterProcessingInitializeOnLoad (0ms)
				EditorAssembliesLoaded (0ms)
			ExecutionOrderSort2 (0ms)
			AwakeInstancesAfterBackupRestoration (0ms)
Platform modules already initialized, skipping
Registering precompiled user dll's ...
Registered in 0.002361 seconds.
Begin MonoManager ReloadAssembly
Native extension for LinuxStandalone target not found
Native extension for WindowsStandalone target not found
Native extension for OSXStandalone target not found
Native extension for WebGL target not found
Refreshing native plugins compatible for Editor in 74.91 ms, found 2 plugins.
Preloading 0 native plugins for Editor in 0.00 ms.
Mono: successfully reloaded assembly
- Completed reload, in  1.471 seconds
Domain Reload Profiling:
	ReloadAssembly (1471ms)
		BeginReloadAssembly (141ms)
			ExecutionOrderSort (0ms)
			DisableScriptedObjects (4ms)
			BackupInstance (0ms)
			ReleaseScriptingObjects (0ms)
			CreateAndSetChildDomain (18ms)
		EndReloadAssembly (1270ms)
			LoadAssemblies (111ms)
			RebuildTransferFunctionScriptingTraits (0ms)
			SetupTypeCache (313ms)
			ReleaseScriptCaches (0ms)
			RebuildScriptCaches (53ms)
			SetupLoadedEditorAssemblies (697ms)
				LogAssemblyErrors (0ms)
				InitializePlatformSupportModulesInManaged (6ms)
				SetLoadedEditorAssemblies (0ms)
				RefreshPlugins (75ms)
				BeforeProcessingInitializeOnLoad (82ms)
				ProcessInitializeOnLoadAttributes (518ms)
				ProcessInitializeOnLoadMethodAttributes (10ms)
				AfterProcessingInitializeOnLoad (5ms)
				EditorAssembliesLoaded (0ms)
			ExecutionOrderSort2 (0ms)
			AwakeInstancesAfterBackupRestoration (5ms)
Platform modules already initialized, skipping
========================================================================
Worker process is ready to serve import requests
Launched and connected shader compiler UnityShaderCompiler.exe after 0.07 seconds
Refreshing native plugins compatible for Editor in 0.86 ms, found 2 plugins.
Preloading 0 native plugins for Editor in 0.00 ms.
Unloading 3293 Unused Serialized files (Serialized files now loaded: 0)
System memory in use before: 242.1 MB.
System memory in use after: 242.3 MB.

Unloading 29 unused Assets to reduce memory usage. Loaded Objects now: 3764.
Total: 3.656100 ms (FindLiveObjects: 0.489600 ms CreateObjectMapping: 0.235600 ms MarkObjects: 2.755400 ms  DeleteObjects: 0.174900 ms)

AssetImportParameters requested are different than current active one (requested -> active):
  custom:framework-win-MediaFoundation: 216162199b28c13a410421893ffa2e32 -> 
  custom:video-decoder-ogg-theora: a1e56fd34408186e4bbccfd4996cb3dc -> 
  custom:container-muxer-webm: aa71ff27fc2769a1b78a27578f13a17b -> 
  custom:container-demuxer-webm: 4f35f7cbe854078d1ac9338744f61a02 -> 
  custom:container-demuxer-ogg: 62fdf1f143b41e24485cea50d1cbac27 -> 
  custom:video-encoder-webm-vp8: eb34c28f22e8b96e1ab97ce403110664 -> 
  custom:video-codec-MediaFoundation-h265: 746d11721c4dcdbdad8f713fa42b33f4 -> 
  custom:video-decoder-webm-vp8: 9c59270c3fd7afecdb556c50c9e8de78 -> 
  custom:audio-decoder-ogg-vorbis: bf7c407c2cedff20999df2af8eb42d56 -> 
  custom:audio-encoder-webm-vorbis: bf7c407c2cedff20999df2af8eb42d56 -> 
========================================================================
Received Import Request.
  path: Assets/Prefabs/rocket 2.prefab
  artifactKey: Guid(67d1fa81b3467034ea3bb4bd8f0d0b7c) Importer(815301076,1909f56bfc062723c751e8b465ee728b)
Start importing Assets/Prefabs/rocket 2.prefab using Guid(67d1fa81b3467034ea3bb4bd8f0d0b7c) Importer(815301076,1909f56bfc062723c751e8b465ee728b)  -> (artifact id: 'bc85c9f5fd1c9a892e70fe0b5d9e731b') in 0.280124 seconds 
========================================================================
Received Import Request.
  Time since last request: 0.034761 seconds.
  path: Assets/Prefabs/FreddyShoot.prefab
  artifactKey: Guid(fd51139f883e0834bba2ec1d0dd1bd75) Importer(815301076,1909f56bfc062723c751e8b465ee728b)
Start importing Assets/Prefabs/FreddyShoot.prefab using Guid(fd51139f883e0834bba2ec1d0dd1bd75) Importer(815301076,1909f56bfc062723c751e8b465ee728b)  -> (artifact id: '4b88fd2a32d0a0d57b336237d7891026') in 0.164569 seconds 
========================================================================
Received Import Request.
  Time since last request: 0.000273 seconds.
  path: Assets/Prefabs/Canvas 1.prefab
  artifactKey: Guid(bf838c837b0c47143b4138b1c8761e78) Importer(815301076,1909f56bfc062723c751e8b465ee728b)
Start importing Assets/Prefabs/Canvas 1.prefab using Guid(bf838c837b0c47143b4138b1c8761e78) Importer(815301076,1909f56bfc062723c751e8b465ee728b)  -> (artifact id: 'fbdceae0c33408661bb3582c485f3115') in 0.191404 seconds 
========================================================================
Received Import Request.
  Time since last request: 0.000314 seconds.
  path: Assets/Prefabs/tilepath.prefab
  artifactKey: Guid(151e1a276c5377a458644a7f32ec1422) Importer(815301076,1909f56bfc062723c751e8b465ee728b)
Start importing Assets/Prefabs/tilepath.prefab using Guid(151e1a276c5377a458644a7f32ec1422) Importer(815301076,1909f56bfc062723c751e8b465ee728b)  -> (artifact id: '100cb389cddb7671c2e97bc8f34c6b9a') in 0.214077 seconds 
========================================================================
Received Import Request.
  Time since last request: 0.000305 seconds.
  path: Assets/Prefabs/PlayerRig.prefab
  artifactKey: Guid(4197a1c11d1454840aae9fa967237785) Importer(815301076,1909f56bfc062723c751e8b465ee728b)
Start importing Assets/Prefabs/PlayerRig.prefab using Guid(4197a1c11d1454840aae9fa967237785) Importer(815301076,1909f56bfc062723c751e8b465ee728b)  -> (artifact id: '8264f960b5de7401bc610ed42397ac64') in 0.173545 seconds 
========================================================================
Received Import Request.
  Time since last request: 0.000294 seconds.
  path: Assets/Prefabs/freddy enemy.prefab
  artifactKey: Guid(aa440c8b79d6d3d4592c8f3585009ab3) Importer(815301076,1909f56bfc062723c751e8b465ee728b)
Start importing Assets/Prefabs/freddy enemy.prefab using Guid(aa440c8b79d6d3d4592c8f3585009ab3) Importer(815301076,1909f56bfc062723c751e8b465ee728b)  -> (artifact id: '5c2cdc80c1bbe53f801876096e43e3d6') in 0.204926 seconds 
========================================================================
Received Import Request.
  Time since last request: 0.000259 seconds.
  path: Assets/Prefabs/shooting asteroid.prefab
  artifactKey: Guid(00d36e69f4d46f74790468002e09da0b) Importer(815301076,1909f56bfc062723c751e8b465ee728b)
Start importing Assets/Prefabs/shooting asteroid.prefab using Guid(00d36e69f4d46f74790468002e09da0b) Importer(815301076,1909f56bfc062723c751e8b465ee728b)  -> (artifact id: 'f2fd8fb91e93519b76d5bbfdf9f11963') in 0.199022 seconds 
========================================================================
Received Import Request.
  Time since last request: 0.000340 seconds.
  path: Assets/Prefabs/PlayerRig 1.prefab
  artifactKey: Guid(47d4109f35fded148861f55e8686f293) Importer(815301076,1909f56bfc062723c751e8b465ee728b)
Start importing Assets/Prefabs/PlayerRig 1.prefab using Guid(47d4109f35fded148861f55e8686f293) Importer(815301076,1909f56bfc062723c751e8b465ee728b)  -> (artifact id: 'ed13eea8e9f1eaf858bf36b64cb661ff') in 0.171348 seconds 
========================================================================
Received Import Request.
  Time since last request: 0.000219 seconds.
  path: Assets/Prefabs/rocket 1.prefab
  artifactKey: Guid(d8ab2e5b0f2aa8d439ecf51d6cabf702) Importer(815301076,1909f56bfc062723c751e8b465ee728b)
Start importing Assets/Prefabs/rocket 1.prefab using Guid(d8ab2e5b0f2aa8d439ecf51d6cabf702) Importer(815301076,1909f56bfc062723c751e8b465ee728b)  -> (artifact id: 'e8d383e1629721e439b1b14fce8a3c06') in 0.170698 seconds 
========================================================================
Received Import Request.
  Time since last request: 0.000211 seconds.
  path: Assets/Prefabs/Canvas 1 Variant.prefab
  artifactKey: Guid(f8efaec728d23fc4a86e86f1aed6c8f2) Importer(815301076,1909f56bfc062723c751e8b465ee728b)
Start importing Assets/Prefabs/Canvas 1 Variant.prefab using Guid(f8efaec728d23fc4a86e86f1aed6c8f2) Importer(815301076,1909f56bfc062723c751e8b465ee728b)  -> (artifact id: '7229f13ffc6ee47652bab9bc66f53412') in 0.140222 seconds 
========================================================================
Received Import Request.
  Time since last request: 0.000282 seconds.
  path: Assets/Prefabs/PlayerRig 2.prefab
  artifactKey: Guid(aaac19d8412adeb42bf6d042c92c93e1) Importer(815301076,1909f56bfc062723c751e8b465ee728b)
Start importing Assets/Prefabs/PlayerRig 2.prefab using Guid(aaac19d8412adeb42bf6d042c92c93e1) Importer(815301076,1909f56bfc062723c751e8b465ee728b)  -> (artifact id: 'bf57e4c3801fc90ea07c53a1d7a6bf6d') in 0.201906 seconds 
========================================================================
Received Import Request.
  Time since last request: 0.000262 seconds.
  path: Assets/Prefabs/PizzaHit.prefab
  artifactKey: Guid(3b4d5b9723ca6af47ad33df2d26c5321) Importer(815301076,1909f56bfc062723c751e8b465ee728b)
Start importing Assets/Prefabs/PizzaHit.prefab using Guid(3b4d5b9723ca6af47ad33df2d26c5321) Importer(815301076,1909f56bfc062723c751e8b465ee728b)  -> (artifact id: '1bbba389eec40140c6d793ef708da359') in 0.170347 seconds 
========================================================================
Received Import Request.
  Time since last request: 0.000322 seconds.
  path: Assets/Prefabs/(0, 0).prefab
  artifactKey: Guid(2a9b5f8e94e78e743bfd22a00748f392) Importer(815301076,1909f56bfc062723c751e8b465ee728b)
Start importing Assets/Prefabs/(0, 0).prefab using Guid(2a9b5f8e94e78e743bfd22a00748f392) Importer(815301076,1909f56bfc062723c751e8b465ee728b)  -> (artifact id: '77724359b44f8645c1c602dbc9693d16') in 0.194062 seconds 
========================================================================
Received Import Request.
  Time since last request: 0.000314 seconds.
  path: Assets/Prefabs/PizzaHit (1) Variant.prefab
  artifactKey: Guid(66892e5eb3c5c0845a1e84e238e2acd9) Importer(815301076,1909f56bfc062723c751e8b465ee728b)
Start importing Assets/Prefabs/PizzaHit (1) Variant.prefab using Guid(66892e5eb3c5c0845a1e84e238e2acd9) Importer(815301076,1909f56bfc062723c751e8b465ee728b)  -> (artifact id: '59f52bc1806ed532429f7a85a9c38f10') in 0.156509 seconds 
========================================================================
Received Import Request.
  Time since last request: 0.000283 seconds.
  path: Assets/Particle/enemyExplode.prefab
  artifactKey: Guid(1039488bb8ebc1845ac39db2c1c23d7d) Importer(815301076,1909f56bfc062723c751e8b465ee728b)
Start importing Assets/Particle/enemyExplode.prefab using Guid(1039488bb8ebc1845ac39db2c1c23d7d) Importer(815301076,1909f56bfc062723c751e8b465ee728b)  -> (artifact id: 'c0d8b7fd590f5c9bbc0bc35f04c255f6') in 0.192224 seconds 
========================================================================
Received Import Request.
  Time since last request: 0.000256 seconds.
  path: Assets/Enemy.prefab
  artifactKey: Guid(685356e676d735a41b0e5cad9ac66e2e) Importer(815301076,1909f56bfc062723c751e8b465ee728b)
Start importing Assets/Enemy.prefab using Guid(685356e676d735a41b0e5cad9ac66e2e) Importer(815301076,1909f56bfc062723c751e8b465ee728b)  -> (artifact id: '2901cbf967efc0ef7f11f2023c513ade') in 0.160144 seconds 
========================================================================
Received Import Request.
  Time since last request: 0.000170 seconds.
  path: Assets/Prefabs/AtomRocket.prefab
  artifactKey: Guid(de0f49612f3bc3141851629387c96b08) Importer(815301076,1909f56bfc062723c751e8b465ee728b)
Start importing Assets/Prefabs/AtomRocket.prefab using Guid(de0f49612f3bc3141851629387c96b08) Importer(815301076,1909f56bfc062723c751e8b465ee728b)  -> (artifact id: '98acc08e0b1026bac8d2de54e5a5f9dc') in 0.163067 seconds 
========================================================================
Received Import Request.
  Time since last request: 0.000232 seconds.
  path: Assets/Prefabs/freddyTurret.prefab
  artifactKey: Guid(d63f0d61743c1fb41bf57442df67c9d9) Importer(815301076,1909f56bfc062723c751e8b465ee728b)
Start importing Assets/Prefabs/freddyTurret.prefab using Guid(d63f0d61743c1fb41bf57442df67c9d9) Importer(815301076,1909f56bfc062723c751e8b465ee728b)  -> (artifact id: '7effac5c157880c9afd47934f252f71f') in 0.198920 seconds 
